This is e-pTeX, Version 3.141592653-p3.9.0-210218-2.6 (utf8.euc) (TeX Live 2021) (preloaded format=platex 2021.4.7)  14 JAN 2022 16:03
entering extended mode
 restricted \write18 enabled.
 file:line:error style messages enabled.
 %&-line parsing enabled.
**/Users/kuramotohiroki/Desktop/github_clone/kuramoto-github-video/tex/sigss2022/section/procedure.tex
(/Users/kuramotohiroki/Desktop/github_clone/kuramoto-github-video/tex/sigss2022/section/procedure.tex
pLaTeX2e <2020-10-01>+2 (based on LaTeX2e <2020-10-01> patch level 4)
L3 programming layer <2021-02-18>
/Users/kuramotohiroki/Desktop/github_clone/kuramoto-github-video/tex/sigss2022/section/procedure.tex:1: Undefined control sequence.
l.1 \section
            {調査手順} 
Here is how much of TeX's memory you used:
 18 strings out of 479466
 582 string characters out of 5870549
 289230 words of memory out of 5000000
 17812 multiletter control sequences out of 15000+600000
 407301 words of font info for 44 fonts, out of 8000000 for 9000
 929 hyphenation exceptions out of 8191
 20i,0n,25p,153b,13s stack positions out of 5000i,500n,10000p,200000b,80000s

No pages of output.
